
*** Running vivado
    with args -log gig_ethernet_pcs_pma_0.vds -m64 -product Vivado -mode batch -messageDb vivado.pb -notrace -source gig_ethernet_pcs_pma_0.tcl


****** Vivado v2016.3 (64-bit)
  **** SW Build 1682563 on Mon Oct 10 19:07:26 MDT 2016
  **** IP Build 1681267 on Mon Oct 10 21:28:31 MDT 2016
    ** Copyright 1986-2016 Xilinx, Inc. All Rights Reserved.

source gig_ethernet_pcs_pma_0.tcl -notrace
Starting RTL Elaboration : Time (s): cpu = 00:00:22 ; elapsed = 00:00:27 . Memory (MB): peak = 1132.996 ; gain = 223.633 ; free physical = 88 ; free virtual = 47965
INFO: [Synth 8-638] synthesizing module 'gig_ethernet_pcs_pma_0' [/home/mrenda/research/xvc_microserver/core/VC707/gig_ethernet_pcs_pma_0/synth/gig_ethernet_pcs_pma_0.v:98]
INFO: [Synth 8-638] synthesizing module 'gig_ethernet_pcs_pma_0_block' [/home/mrenda/research/xvc_microserver/core/VC707/gig_ethernet_pcs_pma_0/synth/gig_ethernet_pcs_pma_0_block.v:95]
INFO: [Synth 8-638] synthesizing module 'gig_ethernet_pcs_pma_0_reset_wtd_timer' [/home/mrenda/research/xvc_microserver/core/VC707/gig_ethernet_pcs_pma_0/synth/gig_ethernet_pcs_pma_0_reset_wtd_timer.v:66]
INFO: [Synth 8-256] done synthesizing module 'gig_ethernet_pcs_pma_0_reset_wtd_timer' (1#1) [/home/mrenda/research/xvc_microserver/core/VC707/gig_ethernet_pcs_pma_0/synth/gig_ethernet_pcs_pma_0_reset_wtd_timer.v:66]
INFO: [Synth 8-638] synthesizing module 'gig_ethernet_pcs_pma_0_sync_block' [/home/mrenda/research/xvc_microserver/core/VC707/gig_ethernet_pcs_pma_0/synth/gig_ethernet_pcs_pma_0_sync_block.v:62]
INFO: [Synth 8-638] synthesizing module 'FD' [/opt/Xilinx/Vivado/2016.3/scripts/rt/data/unisim_comp.v:3723]
INFO: [Synth 8-256] done synthesizing module 'FD' (2#1) [/opt/Xilinx/Vivado/2016.3/scripts/rt/data/unisim_comp.v:3723]
INFO: [Synth 8-256] done synthesizing module 'gig_ethernet_pcs_pma_0_sync_block' (3#1) [/home/mrenda/research/xvc_microserver/core/VC707/gig_ethernet_pcs_pma_0/synth/gig_ethernet_pcs_pma_0_sync_block.v:62]
INFO: [Synth 8-638] synthesizing module 'gig_ethernet_pcs_pma_0_sgmii_adapt' [/home/mrenda/research/xvc_microserver/core/VC707/gig_ethernet_pcs_pma_0/synth/sgmii_adapt/gig_ethernet_pcs_pma_0_sgmii_adapt.v:124]
INFO: [Synth 8-638] synthesizing module 'gig_ethernet_pcs_pma_0_reset_sync' [/home/mrenda/research/xvc_microserver/core/VC707/gig_ethernet_pcs_pma_0/synth/gig_ethernet_pcs_pma_0_reset_sync.v:62]
INFO: [Synth 8-638] synthesizing module 'FDP' [/opt/Xilinx/Vivado/2016.3/scripts/rt/data/unisim_comp.v:3891]
INFO: [Synth 8-256] done synthesizing module 'FDP' (4#1) [/opt/Xilinx/Vivado/2016.3/scripts/rt/data/unisim_comp.v:3891]
INFO: [Synth 8-256] done synthesizing module 'gig_ethernet_pcs_pma_0_reset_sync' (5#1) [/home/mrenda/research/xvc_microserver/core/VC707/gig_ethernet_pcs_pma_0/synth/gig_ethernet_pcs_pma_0_reset_sync.v:62]
INFO: [Synth 8-638] synthesizing module 'gig_ethernet_pcs_pma_0_clk_gen' [/home/mrenda/research/xvc_microserver/core/VC707/gig_ethernet_pcs_pma_0/synth/sgmii_adapt/gig_ethernet_pcs_pma_0_clk_gen.v:83]
INFO: [Synth 8-638] synthesizing module 'gig_ethernet_pcs_pma_0_johnson_cntr' [/home/mrenda/research/xvc_microserver/core/VC707/gig_ethernet_pcs_pma_0/synth/sgmii_adapt/gig_ethernet_pcs_pma_0_johnson_cntr.v:72]
INFO: [Synth 8-256] done synthesizing module 'gig_ethernet_pcs_pma_0_johnson_cntr' (6#1) [/home/mrenda/research/xvc_microserver/core/VC707/gig_ethernet_pcs_pma_0/synth/sgmii_adapt/gig_ethernet_pcs_pma_0_johnson_cntr.v:72]
INFO: [Synth 8-256] done synthesizing module 'gig_ethernet_pcs_pma_0_clk_gen' (7#1) [/home/mrenda/research/xvc_microserver/core/VC707/gig_ethernet_pcs_pma_0/synth/sgmii_adapt/gig_ethernet_pcs_pma_0_clk_gen.v:83]
INFO: [Synth 8-638] synthesizing module 'gig_ethernet_pcs_pma_0_tx_rate_adapt' [/home/mrenda/research/xvc_microserver/core/VC707/gig_ethernet_pcs_pma_0/synth/sgmii_adapt/gig_ethernet_pcs_pma_0_tx_rate_adapt.v:72]
INFO: [Synth 8-256] done synthesizing module 'gig_ethernet_pcs_pma_0_tx_rate_adapt' (8#1) [/home/mrenda/research/xvc_microserver/core/VC707/gig_ethernet_pcs_pma_0/synth/sgmii_adapt/gig_ethernet_pcs_pma_0_tx_rate_adapt.v:72]
INFO: [Synth 8-638] synthesizing module 'gig_ethernet_pcs_pma_0_rx_rate_adapt' [/home/mrenda/research/xvc_microserver/core/VC707/gig_ethernet_pcs_pma_0/synth/sgmii_adapt/gig_ethernet_pcs_pma_0_rx_rate_adapt.v:79]
INFO: [Synth 8-256] done synthesizing module 'gig_ethernet_pcs_pma_0_rx_rate_adapt' (9#1) [/home/mrenda/research/xvc_microserver/core/VC707/gig_ethernet_pcs_pma_0/synth/sgmii_adapt/gig_ethernet_pcs_pma_0_rx_rate_adapt.v:79]
INFO: [Synth 8-256] done synthesizing module 'gig_ethernet_pcs_pma_0_sgmii_adapt' (10#1) [/home/mrenda/research/xvc_microserver/core/VC707/gig_ethernet_pcs_pma_0/synth/sgmii_adapt/gig_ethernet_pcs_pma_0_sgmii_adapt.v:124]
INFO: [Synth 8-638] synthesizing module 'gig_ethernet_pcs_pma_0_lvds_transceiver_k7' [/home/mrenda/research/xvc_microserver/core/VC707/gig_ethernet_pcs_pma_0/synth/lvds_transceiver/gig_ethernet_pcs_pma_0_lvds_transceiver.v:61]
INFO: [Synth 8-638] synthesizing module 'gig_ethernet_pcs_pma_0_gearbox_10b_6b' [/home/mrenda/research/xvc_microserver/core/VC707/gig_ethernet_pcs_pma_0/synth/lvds_transceiver/gig_ethernet_pcs_pma_0_gearbox_10b_6b.v:58]
INFO: [Synth 8-256] done synthesizing module 'gig_ethernet_pcs_pma_0_gearbox_10b_6b' (21#1) [/home/mrenda/research/xvc_microserver/core/VC707/gig_ethernet_pcs_pma_0/synth/lvds_transceiver/gig_ethernet_pcs_pma_0_gearbox_10b_6b.v:58]
INFO: [Synth 8-638] synthesizing module 'gig_ethernet_pcs_pma_0_encode_8b10b_lut_base' [/home/mrenda/research/xvc_microserver/core/VC707/gig_ethernet_pcs_pma_0/synth/sgmii_lvds_transceiver/gig_ethernet_pcs_pma_0_encode_8b10b_lut_base.v:65]
INFO: [Synth 8-256] done synthesizing module 'gig_ethernet_pcs_pma_0_encode_8b10b_lut_base' (22#1) [/home/mrenda/research/xvc_microserver/core/VC707/gig_ethernet_pcs_pma_0/synth/sgmii_lvds_transceiver/gig_ethernet_pcs_pma_0_encode_8b10b_lut_base.v:65]
INFO: [Synth 8-638] synthesizing module 'gig_ethernet_pcs_pma_0_gearbox_6b_10b' [/home/mrenda/research/xvc_microserver/core/VC707/gig_ethernet_pcs_pma_0/synth/lvds_transceiver/gig_ethernet_pcs_pma_0_gearbox_6b_10b.v:57]
INFO: [Synth 8-256] done synthesizing module 'gig_ethernet_pcs_pma_0_gearbox_6b_10b' (23#1) [/home/mrenda/research/xvc_microserver/core/VC707/gig_ethernet_pcs_pma_0/synth/lvds_transceiver/gig_ethernet_pcs_pma_0_gearbox_6b_10b.v:57]
INFO: [Synth 8-638] synthesizing module 'gig_ethernet_pcs_pma_0_sgmii_comma_alignment' [/home/mrenda/research/xvc_microserver/core/VC707/gig_ethernet_pcs_pma_0/synth/lvds_transceiver/gig_ethernet_pcs_pma_0_sgmii_comma_alignment.v:71]
INFO: [Synth 8-256] done synthesizing module 'gig_ethernet_pcs_pma_0_sgmii_comma_alignment' (24#1) [/home/mrenda/research/xvc_microserver/core/VC707/gig_ethernet_pcs_pma_0/synth/lvds_transceiver/gig_ethernet_pcs_pma_0_sgmii_comma_alignment.v:71]
INFO: [Synth 8-638] synthesizing module 'gig_ethernet_pcs_pma_0_decode_8b10b_lut_base' [/home/mrenda/research/xvc_microserver/core/VC707/gig_ethernet_pcs_pma_0/synth/sgmii_lvds_transceiver/gig_ethernet_pcs_pma_0_decode_8b10b_lut_base.v:65]
INFO: [Synth 8-256] done synthesizing module 'gig_ethernet_pcs_pma_0_decode_8b10b_lut_base' (25#1) [/home/mrenda/research/xvc_microserver/core/VC707/gig_ethernet_pcs_pma_0/synth/sgmii_lvds_transceiver/gig_ethernet_pcs_pma_0_decode_8b10b_lut_base.v:65]
INFO: [Synth 8-638] synthesizing module 'gig_ethernet_pcs_pma_0_gpio_sgmii_top' [/home/mrenda/research/xvc_microserver/core/VC707/gig_ethernet_pcs_pma_0/synth/lvds_transceiver/gig_ethernet_pcs_pma_0_gpio_sgmii_top.v:61]
INFO: [Synth 8-638] synthesizing module 'gig_ethernet_pcs_pma_0_sgmii_phy_iob' [/home/mrenda/research/xvc_microserver/core/VC707/gig_ethernet_pcs_pma_0/synth/lvds_transceiver/gig_ethernet_pcs_pma_0_sgmii_phy_iob.v:60]
INFO: [Synth 8-638] synthesizing module 'IBUFDS_DIFF_OUT' [/opt/Xilinx/Vivado/2016.3/scripts/rt/data/unisim_comp.v:14214]
INFO: [Synth 8-256] done synthesizing module 'IBUFDS_DIFF_OUT' (26#1) [/opt/Xilinx/Vivado/2016.3/scripts/rt/data/unisim_comp.v:14214]
INFO: [Synth 8-638] synthesizing module 'IDELAYE2' [/opt/Xilinx/Vivado/2016.3/scripts/rt/data/unisim_comp.v:16195]
INFO: [Synth 8-256] done synthesizing module 'IDELAYE2' (27#1) [/opt/Xilinx/Vivado/2016.3/scripts/rt/data/unisim_comp.v:16195]
INFO: [Synth 8-638] synthesizing module 'ISERDESE2' [/opt/Xilinx/Vivado/2016.3/scripts/rt/data/unisim_comp.v:19685]
INFO: [Synth 8-256] done synthesizing module 'ISERDESE2' (28#1) [/opt/Xilinx/Vivado/2016.3/scripts/rt/data/unisim_comp.v:19685]
INFO: [Synth 8-638] synthesizing module 'OBUFDS' [/opt/Xilinx/Vivado/2016.3/scripts/rt/data/unisim_comp.v:21941]
INFO: [Synth 8-256] done synthesizing module 'OBUFDS' (29#1) [/opt/Xilinx/Vivado/2016.3/scripts/rt/data/unisim_comp.v:21941]
INFO: [Synth 8-638] synthesizing module 'OSERDESE2' [/opt/Xilinx/Vivado/2016.3/scripts/rt/data/unisim_comp.v:25878]
INFO: [Synth 8-256] done synthesizing module 'OSERDESE2' (30#1) [/opt/Xilinx/Vivado/2016.3/scripts/rt/data/unisim_comp.v:25878]
INFO: [Synth 8-256] done synthesizing module 'gig_ethernet_pcs_pma_0_sgmii_phy_iob' (31#1) [/home/mrenda/research/xvc_microserver/core/VC707/gig_ethernet_pcs_pma_0/synth/lvds_transceiver/gig_ethernet_pcs_pma_0_sgmii_phy_iob.v:60]
INFO: [Synth 8-638] synthesizing module 'gig_ethernet_pcs_pma_0_sgmii_eye_monitor' [/home/mrenda/research/xvc_microserver/core/VC707/gig_ethernet_pcs_pma_0/synth/lvds_transceiver/gig_ethernet_pcs_pma_0_sgmii_eye_monitor.v:57]
INFO: [Synth 8-256] done synthesizing module 'gig_ethernet_pcs_pma_0_sgmii_eye_monitor' (32#1) [/home/mrenda/research/xvc_microserver/core/VC707/gig_ethernet_pcs_pma_0/synth/lvds_transceiver/gig_ethernet_pcs_pma_0_sgmii_eye_monitor.v:57]
INFO: [Synth 8-638] synthesizing module 'gig_ethernet_pcs_pma_0_sgmii_phy_calibration' [/home/mrenda/research/xvc_microserver/core/VC707/gig_ethernet_pcs_pma_0/synth/lvds_transceiver/gig_ethernet_pcs_pma_0_sgmii_phy_calibration.v:61]
INFO: [Synth 8-256] done synthesizing module 'gig_ethernet_pcs_pma_0_sgmii_phy_calibration' (33#1) [/home/mrenda/research/xvc_microserver/core/VC707/gig_ethernet_pcs_pma_0/synth/lvds_transceiver/gig_ethernet_pcs_pma_0_sgmii_phy_calibration.v:61]
INFO: [Synth 8-256] done synthesizing module 'gig_ethernet_pcs_pma_0_gpio_sgmii_top' (34#1) [/home/mrenda/research/xvc_microserver/core/VC707/gig_ethernet_pcs_pma_0/synth/lvds_transceiver/gig_ethernet_pcs_pma_0_gpio_sgmii_top.v:61]
INFO: [Synth 8-256] done synthesizing module 'gig_ethernet_pcs_pma_0_lvds_transceiver_k7' (35#1) [/home/mrenda/research/xvc_microserver/core/VC707/gig_ethernet_pcs_pma_0/synth/lvds_transceiver/gig_ethernet_pcs_pma_0_lvds_transceiver.v:61]
INFO: [Synth 8-256] done synthesizing module 'gig_ethernet_pcs_pma_0_block' (36#1) [/home/mrenda/research/xvc_microserver/core/VC707/gig_ethernet_pcs_pma_0/synth/gig_ethernet_pcs_pma_0_block.v:95]
INFO: [Synth 8-256] done synthesizing module 'gig_ethernet_pcs_pma_0' (37#1) [/home/mrenda/research/xvc_microserver/core/VC707/gig_ethernet_pcs_pma_0/synth/gig_ethernet_pcs_pma_0.v:98]
Finished RTL Elaboration : Time (s): cpu = 00:00:27 ; elapsed = 00:00:34 . Memory (MB): peak = 1184.250 ; gain = 274.887 ; free physical = 91 ; free virtual = 47915
Finished RTL Optimization Phase 1 : Time (s): cpu = 00:00:28 ; elapsed = 00:00:35 . Memory (MB): peak = 1184.250 ; gain = 274.887 ; free physical = 89 ; free virtual = 47913
INFO: [Device 21-403] Loading part xc7vx485tffg1761-2
Constraint Validation Runtime : Time (s): cpu = 00:00:00.11 ; elapsed = 00:00:00.14 . Memory (MB): peak = 1592.160 ; gain = 0.004 ; free physical = 72 ; free virtual = 47611
Finished Constraint Validation : Time (s): cpu = 00:01:24 ; elapsed = 00:01:42 . Memory (MB): peak = 1592.160 ; gain = 682.797 ; free physical = 79 ; free virtual = 47609
Finished Loading Part and Timing Information : Time (s): cpu = 00:01:24 ; elapsed = 00:01:42 . Memory (MB): peak = 1592.160 ; gain = 682.797 ; free physical = 78 ; free virtual = 47609
Finished applying 'set_property' XDC Constraints : Time (s): cpu = 00:01:24 ; elapsed = 00:01:43 . Memory (MB): peak = 1592.160 ; gain = 682.797 ; free physical = 78 ; free virtual = 47609
Finished RTL Optimization Phase 2 : Time (s): cpu = 00:01:31 ; elapsed = 00:01:50 . Memory (MB): peak = 1592.160 ; gain = 682.797 ; free physical = 74 ; free virtual = 47584
Finished Cross Boundary and Area Optimization : Time (s): cpu = 00:01:47 ; elapsed = 00:02:08 . Memory (MB): peak = 1592.164 ; gain = 682.801 ; free physical = 79 ; free virtual = 47584
---------------------------------------------------------------------------------
Start ROM, RAM, DSP and Shift Register Reporting
---------------------------------------------------------------------------------

ROM:
+---------------------------------------------+------------+---------------+----------------+
|Module Name                                  | RTL Object | Depth x Width | Implemented As | 
+---------------------------------------------+------------+---------------+----------------+
|gig_ethernet_pcs_pma_0_decode_8b10b_lut_base | b5         | 64x5          | LUT            | 
|gig_ethernet_pcs_pma_0_decode_8b10b_lut_base | b6_disp    | 64x3          | LUT            | 
|gig_ethernet_pcs_pma_0_decode_8b10b_lut_base | b5         | 64x5          | LUT            | 
|gig_ethernet_pcs_pma_0_decode_8b10b_lut_base | b6_disp    | 64x3          | LUT            | 
+---------------------------------------------+------------+---------------+----------------+

---------------------------------------------------------------------------------
Finished ROM, RAM, DSP and Shift Register Reporting
---------------------------------------------------------------------------------
Finished Applying XDC Timing Constraints : Time (s): cpu = 00:02:10 ; elapsed = 00:02:33 . Memory (MB): peak = 1592.164 ; gain = 682.801 ; free physical = 72 ; free virtual = 47534
Finished Timing Optimization : Time (s): cpu = 00:02:11 ; elapsed = 00:02:34 . Memory (MB): peak = 1592.164 ; gain = 682.801 ; free physical = 80 ; free virtual = 47523
Finished Technology Mapping : Time (s): cpu = 00:02:13 ; elapsed = 00:02:37 . Memory (MB): peak = 1592.164 ; gain = 682.801 ; free physical = 81 ; free virtual = 47508
Finished IO Insertion : Time (s): cpu = 00:02:15 ; elapsed = 00:02:39 . Memory (MB): peak = 1592.164 ; gain = 682.801 ; free physical = 80 ; free virtual = 47507
Finished Renaming Generated Instances : Time (s): cpu = 00:02:15 ; elapsed = 00:02:39 . Memory (MB): peak = 1592.164 ; gain = 682.801 ; free physical = 80 ; free virtual = 47507
Finished Rebuilding User Hierarchy : Time (s): cpu = 00:02:15 ; elapsed = 00:02:39 . Memory (MB): peak = 1592.164 ; gain = 682.801 ; free physical = 80 ; free virtual = 47507
Finished Renaming Generated Ports : Time (s): cpu = 00:02:15 ; elapsed = 00:02:39 . Memory (MB): peak = 1592.164 ; gain = 682.801 ; free physical = 80 ; free virtual = 47507
Finished Handling Custom Attributes : Time (s): cpu = 00:02:15 ; elapsed = 00:02:39 . Memory (MB): peak = 1592.164 ; gain = 682.801 ; free physical = 81 ; free virtual = 47508
Finished Renaming Generated Nets : Time (s): cpu = 00:02:15 ; elapsed = 00:02:39 . Memory (MB): peak = 1592.164 ; gain = 682.801 ; free physical = 81 ; free virtual = 47508

Report Cell Usage: 
+------+----------------+------+
|      |Cell            |Count |
+------+----------------+------+
|1     |CARRY4          |    25|
|2     |IDELAYE2        |     2|
|3     |ISERDESE2       |     2|
|4     |LUT1            |    98|
|5     |LUT2            |    82|
|6     |LUT3            |   156|
|7     |LUT4            |   152|
|8     |LUT5            |   141|
|9     |LUT6            |   323|
|10    |MUXF7           |     9|
|11    |OSERDESE2       |     1|
|12    |SRL16           |     2|
|13    |SRL16E          |     8|
|14    |FD              |    48|
|15    |FDP             |    72|
|16    |FDPE            |     4|
|17    |FDRE            |   921|
|18    |FDSE            |    36|
|19    |IBUFDS_DIFF_OUT |     1|
|20    |OBUFDS          |     1|
+------+----------------+------+
Finished Writing Synthesis Report : Time (s): cpu = 00:02:15 ; elapsed = 00:02:39 . Memory (MB): peak = 1592.164 ; gain = 682.801 ; free physical = 81 ; free virtual = 47508
synth_design: Time (s): cpu = 00:02:13 ; elapsed = 00:02:37 . Memory (MB): peak = 1592.164 ; gain = 592.082 ; free physical = 130 ; free virtual = 47571
